Arguments: 
  C:\Program Files\nodejs\node.exe C:\Users\llej\AppData\Roaming\npm\node_modules\yarn\bin\yarn.js add @types/level

PATH: 
  C:\Program Files\Git\mingw64\bin;C:\Program Files\Git\usr\bin;C:\Users\llej\bin;C:\ProgramData\DockerDesktop\version-bin;C:\Program Files\Docker\Docker\Resources\bin;C:\Program Files\AdoptOpenJDK\jdk-11.0.5.10-hotspot\bin;C:\windows\system32;C:\windows;C:\windows\System32\Wbem;C:\windows\System32\WindowsPowerShell\v1.0;C:\windows\System32\OpenSSH;C:\Program Files (x86)\NVIDIA Corporation\PhysX\Common;C:\Program Files\NVIDIA Corporation\NVIDIA NGX;C:\Program Files\NVIDIA Corporation\NVIDIA NvDLISR;C:\Program Files\Intel\WiFi\bin;C:\Program Files\Common Files\Intel\WirelessCommon;C:\Windows\system32;C:\Windows;C:\Windows\System32\Wbem;C:\Windows\System32\WindowsPowerShell\v1.0;C:\Windows\System32\OpenSSH;C:\Program Files\Microsoft VS Code Insiders\bin;C:\Program Files\Git\cmd;C:\Program Files\CMake\bin;C:\Program Files\dotnet;C:\Program Files\nodejs;C:\ProgramData\chocolatey\bin;C:\Users\llej\.cargo\bin;C:\Users\llej\AppData\Local\Microsoft\WindowsApps;C:\Users\llej\.dotnet\tools;C:\Users\llej\AppData\Roaming\npm

Yarn version: 
  1.19.1

Node version: 
  13.9.0

Platform: 
  win32 x64

Trace: 
  Error: https://registry.npm.taobao.org/@types%2flevel: Not found
      at Request.params.callback [as _callback] (C:\Users\llej\AppData\Roaming\npm\node_modules\yarn\lib\cli.js:66926:18)
      at Request.self.callback (C:\Users\llej\AppData\Roaming\npm\node_modules\yarn\lib\cli.js:140564:22)
      at Request.emit (events.js:321:20)
      at Request.<anonymous> (C:\Users\llej\AppData\Roaming\npm\node_modules\yarn\lib\cli.js:141536:10)
      at Request.emit (events.js:321:20)
      at IncomingMessage.<anonymous> (C:\Users\llej\AppData\Roaming\npm\node_modules\yarn\lib\cli.js:141458:12)
      at Object.onceWrapper (events.js:427:28)
      at IncomingMessage.emit (events.js:333:22)
      at endReadableNT (_stream_readable.js:1201:12)
      at processTicksAndRejections (internal/process/task_queues.js:84:21)

npm manifest: 
  {
    "name": "collect_no-search_yes",
    "version": "1.0.0",
    "description": "收藏夹内浩如烟海，真正使用的次数屈指可数",
    "main": "index.js",
    "scripts": {
      "test": "echo \"Error: no test specified\" && exit 1"
    },
    "repository": {
      "type": "git",
      "url": "git+https://github.com/2234839/collect_no-search_yes.git"
    },
    "author": "",
    "license": "ISC",
    "bugs": {
      "url": "https://github.com/2234839/collect_no-search_yes/issues"
    },
    "homepage": "https://github.com/2234839/collect_no-search_yes#readme",
    "dependencies": {
      "@types/store": "^2.0.2",
      "level": "^6.0.0",
      "store": "^2.0.12",
      "ts-node": "^8.6.2",
      "typescript": "^3.8.2"
    }
  }

yarn manifest: 
  No manifest

Lockfile: 
  # THIS IS AN AUTOGENERATED FILE. DO NOT EDIT THIS FILE DIRECTLY.
  # yarn lockfile v1
  
  
  "@types/store@^2.0.2":
    version "2.0.2"
    resolved "https://registry.npm.taobao.org/@types/store/download/@types/store-2.0.2.tgz#6263d4f1aab225032ea55b17d94f3b725a21c943"
    integrity sha1-YmPU8aqyJQMupVsX2U87clohyUM=
  
  abstract-leveldown@^6.2.1, abstract-leveldown@~6.2.1:
    version "6.2.2"
    resolved "https://registry.npm.taobao.org/abstract-leveldown/download/abstract-leveldown-6.2.2.tgz#677425beeb28204367c7639e264e93ea4b49971a"
    integrity sha1-Z3QlvusoIENnx2OeJk6T6ktJlxo=
    dependencies:
      level-concat-iterator "~2.0.0"
      level-supports "~1.0.0"
      xtend "~4.0.0"
  
  arg@^4.1.0:
    version "4.1.3"
    resolved "https://registry.npm.taobao.org/arg/download/arg-4.1.3.tgz#269fc7ad5b8e42cb63c896d5666017261c144089"
    integrity sha1-Jp/HrVuOQstjyJbVZmAXJhwUQIk=
  
  buffer-from@^1.0.0:
    version "1.1.1"
    resolved "https://registry.npm.taobao.org/buffer-from/download/buffer-from-1.1.1.tgz#32713bc028f75c02fdb710d7c7bcec1f2c6070ef"
    integrity sha1-MnE7wCj3XAL9txDXx7zsHyxgcO8=
  
  deferred-leveldown@~5.3.0:
    version "5.3.0"
    resolved "https://registry.npm.taobao.org/deferred-leveldown/download/deferred-leveldown-5.3.0.tgz#27a997ad95408b61161aa69bd489b86c71b78058"
    integrity sha1-J6mXrZVAi2EWGqab1Im4bHG3gFg=
    dependencies:
      abstract-leveldown "~6.2.1"
      inherits "^2.0.3"
  
  diff@^4.0.1:
    version "4.0.2"
    resolved "https://registry.npm.taobao.org/diff/download/diff-4.0.2.tgz?cache=0&sync_timestamp=1578890967183&other_urls=https%3A%2F%2Fregistry.npm.taobao.org%2Fdiff%2Fdownload%2Fdiff-4.0.2.tgz#60f3aecb89d5fae520c11aa19efc2bb982aade7d"
    integrity sha1-YPOuy4nV+uUgwRqhnvwruYKq3n0=
  
  encoding-down@^6.3.0:
    version "6.3.0"
    resolved "https://registry.npm.taobao.org/encoding-down/download/encoding-down-6.3.0.tgz#b1c4eb0e1728c146ecaef8e32963c549e76d082b"
    integrity sha1-scTrDhcowUbsrvjjKWPFSedtCCs=
    dependencies:
      abstract-leveldown "^6.2.1"
      inherits "^2.0.3"
      level-codec "^9.0.0"
      level-errors "^2.0.0"
  
  errno@~0.1.1:
    version "0.1.7"
    resolved "https://registry.npm.taobao.org/errno/download/errno-0.1.7.tgz#4684d71779ad39af177e3f007996f7c67c852618"
    integrity sha1-RoTXF3mtOa8Xfj8AeZb3xnyFJhg=
    dependencies:
      prr "~1.0.1"
  
  immediate@~3.2.3:
    version "3.2.3"
    resolved "https://registry.npm.taobao.org/immediate/download/immediate-3.2.3.tgz#d140fa8f614659bd6541233097ddaac25cdd991c"
    integrity sha1-0UD6j2FGWb1lQSMwl92qwlzdmRw=
  
  inherits@^2.0.3, inherits@^2.0.4:
    version "2.0.4"
    resolved "https://registry.npm.taobao.org/inherits/download/inherits-2.0.4.tgz#0fa2c64f932917c3433a0ded55363aae37416b7c"
    integrity sha1-D6LGT5MpF8NDOg3tVTY6rjdBa3w=
  
  level-codec@^9.0.0:
    version "9.0.1"
    resolved "https://registry.npm.taobao.org/level-codec/download/level-codec-9.0.1.tgz#042f4aa85e56d4328ace368c950811ba802b7247"
    integrity sha1-BC9KqF5W1DKKzjaMlQgRuoArckc=
  
  level-concat-iterator@~2.0.0:
    version "2.0.1"
    resolved "https://registry.npm.taobao.org/level-concat-iterator/download/level-concat-iterator-2.0.1.tgz#1d1009cf108340252cb38c51f9727311193e6263"
    integrity sha1-HRAJzxCDQCUss4xR+XJzERk+YmM=
  
  level-errors@^2.0.0, level-errors@~2.0.0:
    version "2.0.1"
    resolved "https://registry.npm.taobao.org/level-errors/download/level-errors-2.0.1.tgz#2132a677bf4e679ce029f517c2f17432800c05c8"
    integrity sha1-ITKmd79OZ5zgKfUXwvF0MoAMBcg=
    dependencies:
      errno "~0.1.1"
  
  level-iterator-stream@~4.0.0:
    version "4.0.2"
    resolved "https://registry.npm.taobao.org/level-iterator-stream/download/level-iterator-stream-4.0.2.tgz#7ceba69b713b0d7e22fcc0d1f128ccdc8a24f79c"
    integrity sha1-fOumm3E7DX4i/MDR8SjM3Iok95w=
    dependencies:
      inherits "^2.0.4"
      readable-stream "^3.4.0"
      xtend "^4.0.2"
  
  level-js@^5.0.0:
    version "5.0.1"
    resolved "https://registry.npm.taobao.org/level-js/download/level-js-5.0.1.tgz?cache=0&sync_timestamp=1575071938362&other_urls=https%3A%2F%2Fregistry.npm.taobao.org%2Flevel-js%2Fdownload%2Flevel-js-5.0.1.tgz#c68f8e55c3331bcba1f5b448b5cc833f21c68628"
    integrity sha1-xo+OVcMzG8uh9bRItcyDPyHGhig=
    dependencies:
      abstract-leveldown "~6.2.1"
      immediate "~3.2.3"
      inherits "^2.0.3"
      ltgt "^2.1.2"
  
  level-packager@^5.1.0:
    version "5.1.1"
    resolved "https://registry.npm.taobao.org/level-packager/download/level-packager-5.1.1.tgz#323ec842d6babe7336f70299c14df2e329c18939"
    integrity sha1-Mj7IQta6vnM29wKZwU3y4ynBiTk=
    dependencies:
      encoding-down "^6.3.0"
      levelup "^4.3.2"
  
  level-supports@~1.0.0:
    version "1.0.1"
    resolved "https://registry.npm.taobao.org/level-supports/download/level-supports-1.0.1.tgz#2f530a596834c7301622521988e2c36bb77d122d"
    integrity sha1-L1MKWWg0xzAWIlIZiOLDa7d9Ei0=
    dependencies:
      xtend "^4.0.2"
  
  level@^6.0.0:
    version "6.0.0"
    resolved "https://registry.npm.taobao.org/level/download/level-6.0.0.tgz#d216fb9b9c3940bcec15c5880d8da775ca086c5c"
    integrity sha1-0hb7m5w5QLzsFcWIDY2ndcoIbFw=
    dependencies:
      level-js "^5.0.0"
      level-packager "^5.1.0"
      leveldown "^5.4.0"
      opencollective-postinstall "^2.0.0"
  
  leveldown@^5.4.0:
    version "5.4.1"
    resolved "https://registry.npm.taobao.org/leveldown/download/leveldown-5.4.1.tgz#83a8fdd9bb52b1ed69be2ef59822b6cdfcdb51ec"
    integrity sha1-g6j92btSse1pvi71mCK2zfzbUew=
    dependencies:
      abstract-leveldown "~6.2.1"
      napi-macros "~2.0.0"
      node-gyp-build "~4.1.0"
  
  levelup@^4.3.2:
    version "4.3.2"
    resolved "https://registry.npm.taobao.org/levelup/download/levelup-4.3.2.tgz#31c5b1b29f146d1d35d692e01a6da4d28fa55ebd"
    integrity sha1-McWxsp8UbR011pLgGm2k0o+lXr0=
    dependencies:
      deferred-leveldown "~5.3.0"
      level-errors "~2.0.0"
      level-iterator-stream "~4.0.0"
      level-supports "~1.0.0"
      xtend "~4.0.0"
  
  ltgt@^2.1.2:
    version "2.2.1"
    resolved "https://registry.npm.taobao.org/ltgt/download/ltgt-2.2.1.tgz#f35ca91c493f7b73da0e07495304f17b31f87ee5"
    integrity sha1-81ypHEk/e3PaDgdJUwTxezH4fuU=
  
  make-error@^1.1.1:
    version "1.3.6"
    resolved "https://registry.npm.taobao.org/make-error/download/make-error-1.3.6.tgz?cache=0&sync_timestamp=1582105759247&other_urls=https%3A%2F%2Fregistry.npm.taobao.org%2Fmake-error%2Fdownload%2Fmake-error-1.3.6.tgz#2eb2e37ea9b67c4891f684a1394799af484cf7a2"
    integrity sha1-LrLjfqm2fEiR9oShOUeZr0hM96I=
  
  napi-macros@~2.0.0:
    version "2.0.0"
    resolved "https://registry.npm.taobao.org/napi-macros/download/napi-macros-2.0.0.tgz#2b6bae421e7b96eb687aa6c77a7858640670001b"
    integrity sha1-K2uuQh57lutoeqbHenhYZAZwABs=
  
  node-gyp-build@~4.1.0:
    version "4.1.1"
    resolved "https://registry.npm.taobao.org/node-gyp-build/download/node-gyp-build-4.1.1.tgz#d7270b5d86717068d114cc57fff352f96d745feb"
    integrity sha1-1ycLXYZxcGjRFMxX//NS+W10X+s=
  
  opencollective-postinstall@^2.0.0:
    version "2.0.2"
    resolved "https://registry.npm.taobao.org/opencollective-postinstall/download/opencollective-postinstall-2.0.2.tgz#5657f1bede69b6e33a45939b061eb53d3c6c3a89"
    integrity sha1-Vlfxvt5ptuM6RZObBh61PTxsOok=
  
  prr@~1.0.1:
    version "1.0.1"
    resolved "https://registry.npm.taobao.org/prr/download/prr-1.0.1.tgz#d3fc114ba06995a45ec6893f484ceb1d78f5f476"
    integrity sha1-0/wRS6BplaRexok/SEzrHXj19HY=
  
  readable-stream@^3.4.0:
    version "3.6.0"
    resolved "https://registry.npm.taobao.org/readable-stream/download/readable-stream-3.6.0.tgz#337bbda3adc0706bd3e024426a286d4b4b2c9198"
    integrity sha1-M3u9o63AcGvT4CRCaihtS0sskZg=
    dependencies:
      inherits "^2.0.3"
      string_decoder "^1.1.1"
      util-deprecate "^1.0.1"
  
  safe-buffer@~5.2.0:
    version "5.2.0"
    resolved "https://registry.npm.taobao.org/safe-buffer/download/safe-buffer-5.2.0.tgz#b74daec49b1148f88c64b68d49b1e815c1f2f519"
    integrity sha1-t02uxJsRSPiMZLaNSbHoFcHy9Rk=
  
  source-map-support@^0.5.6:
    version "0.5.16"
    resolved "https://registry.npm.taobao.org/source-map-support/download/source-map-support-0.5.16.tgz?cache=0&sync_timestamp=1572389965235&other_urls=https%3A%2F%2Fregistry.npm.taobao.org%2Fsource-map-support%2Fdownload%2Fsource-map-support-0.5.16.tgz#0ae069e7fe3ba7538c64c98515e35339eac5a042"
    integrity sha1-CuBp5/47p1OMZMmFFeNTOerFoEI=
    dependencies:
      buffer-from "^1.0.0"
      source-map "^0.6.0"
  
  source-map@^0.6.0:
    version "0.6.1"
    resolved "https://registry.npm.taobao.org/source-map/download/source-map-0.6.1.tgz?cache=0&sync_timestamp=1571657176668&other_urls=https%3A%2F%2Fregistry.npm.taobao.org%2Fsource-map%2Fdownload%2Fsource-map-0.6.1.tgz#74722af32e9614e9c287a8d0bbde48b5e2f1a263"
    integrity sha1-dHIq8y6WFOnCh6jQu95IteLxomM=
  
  store@^2.0.12:
    version "2.0.12"
    resolved "https://registry.npm.taobao.org/store/download/store-2.0.12.tgz#8c534e2a0b831f72b75fc5f1119857c44ef5d593"
    integrity sha1-jFNOKguDH3K3X8XxEZhXxE711ZM=
  
  string_decoder@^1.1.1:
    version "1.3.0"
    resolved "https://registry.npm.taobao.org/string_decoder/download/string_decoder-1.3.0.tgz#42f114594a46cf1a8e30b0a84f56c78c3edac21e"
    integrity sha1-QvEUWUpGzxqOMLCoT1bHjD7awh4=
    dependencies:
      safe-buffer "~5.2.0"
  
  ts-node@^8.6.2:
    version "8.6.2"
    resolved "https://registry.npm.taobao.org/ts-node/download/ts-node-8.6.2.tgz?cache=0&sync_timestamp=1578945998006&other_urls=https%3A%2F%2Fregistry.npm.taobao.org%2Fts-node%2Fdownload%2Fts-node-8.6.2.tgz#7419a01391a818fbafa6f826a33c1a13e9464e35"
    integrity sha1-dBmgE5GoGPuvpvgmozwaE+lGTjU=
    dependencies:
      arg "^4.1.0"
      diff "^4.0.1"
      make-error "^1.1.1"
      source-map-support "^0.5.6"
      yn "3.1.1"
  
  typescript@^3.8.2:
    version "3.8.2"
    resolved "https://registry.npm.taobao.org/typescript/download/typescript-3.8.2.tgz?cache=0&sync_timestamp=1582413317861&other_urls=https%3A%2F%2Fregistry.npm.taobao.org%2Ftypescript%2Fdownload%2Ftypescript-3.8.2.tgz#91d6868aaead7da74f493c553aeff76c0c0b1d5a"
    integrity sha1-kdaGiq6tfadPSTxVOu/3bAwLHVo=
  
  util-deprecate@^1.0.1:
    version "1.0.2"
    resolved "https://registry.npm.taobao.org/util-deprecate/download/util-deprecate-1.0.2.tgz#450d4dc9fa70de732762fbd2d4a28981419a0ccf"
    integrity sha1-RQ1Nyfpw3nMnYvvS1KKJgUGaDM8=
  
  xtend@^4.0.2, xtend@~4.0.0:
    version "4.0.2"
    resolved "https://registry.npm.taobao.org/xtend/download/xtend-4.0.2.tgz#bb72779f5fa465186b1f438f674fa347fdb5db54"
    integrity sha1-u3J3n1+kZRhrH0OPZ0+jR/2121Q=
  
  yn@3.1.1:
    version "3.1.1"
    resolved "https://registry.npm.taobao.org/yn/download/yn-3.1.1.tgz#1e87401a09d767c1d5eab26a6e4c185182d2eb50"
    integrity sha1-HodAGgnXZ8HV6rJqbkwYUYLS61A=
